# JRE version: OpenJDK Runtime Environment (21.0.4) (build 21.0.4+-12508038-b607.1)
# Java VM: OpenJDK 64-Bit Server VM (21.0.4+-12508038-b607.1, mixed mode, tiered, compressed oops, compressed class ptrs, g1 gc, windows-amd64)
GC Precious Log:
 CardTable entry size: 512
 Card Set container configuration: InlinePtr #cards 5 size 8 Array Of Cards #cards 12 size 40 Howl #buckets 4 coarsen threshold 1843 Howl Bitmap #cards 512 size 80 coarsen threshold 460 Card regions per heap region 1 cards per card region 2048
 CPUs: 32 total, 32 available
 Memory: 32508M
 Large Page Support: Disabled
 NUMA Support: Disabled
 Compressed Oops: Enabled (32-bit)
 Heap Region Size: 1M
 Heap Min Capacity: 8M
 Heap Initial Capacity: 508M
 Heap Max Capacity: 2G
 Pre-touch: Disabled
 Parallel Workers: 23
 Concurrent Workers: 6
 Concurrent Refinement Workers: 23
 Periodic GC: Disabled
Heap:
 garbage-first heap   total 88064K, used 39993K [0x0000000080000000, 0x0000000100000000)
  region size 1024K, 5 young (5120K), 5 survivors (5120K)
 Metaspace       used 64021K, committed 65728K, reserved 1114112K
  class space    used 8761K, committed 9600K, reserved 1048576K
GC Heap History (20 events):
Event: 0.695 GC heap after
{Heap after GC invocations=3 (full 0):
 garbage-first heap   total 520192K, used 18724K [0x0000000080000000, 0x0000000100000000)
  region size 1024K, 7 young (7168K), 7 survivors (7168K)
 Metaspace       used 16064K, committed 16384K, reserved 1114112K
  class space    used 1781K, committed 1920K, reserved 1048576K
}
Event: 0.869 GC heap before
{Heap before GC invocations=3 (full 0):
 garbage-first heap   total 520192K, used 39204K [0x0000000080000000, 0x0000000100000000)
  region size 1024K, 28 young (28672K), 7 survivors (7168K)
 Metaspace       used 21150K, committed 21504K, reserved 1114112K
  class space    used 2440K, committed 2624K, reserved 1048576K
}
Event: 0.871 GC heap after
{Heap after GC invocations=4 (full 0):
 garbage-first heap   total 520192K, used 21003K [0x0000000080000000, 0x0000000100000000)
  region size 1024K, 10 young (10240K), 10 survivors (10240K)
 Metaspace       used 21150K, committed 21504K, reserved 1114112K
  class space    used 2440K, committed 2624K, reserved 1048576K
}
Event: 1.280 GC heap before
{Heap before GC invocations=5 (full 0):
 garbage-first heap   total 75776K, used 73227K [0x0000000080000000, 0x0000000100000000)
  region size 1024K, 62 young (63488K), 10 survivors (10240K)
 Metaspace       used 29316K, committed 29824K, reserved 1114112K
  class space    used 3752K, committed 3968K, reserved 1048576K
}
Event: 1.284 GC heap after
{Heap after GC invocations=6 (full 0):
 garbage-first heap   total 88064K, used 23844K [0x0000000080000000, 0x0000000100000000)
  region size 1024K, 12 young (12288K), 12 survivors (12288K)
 Metaspace       used 29316K, committed 29824K, reserved 1114112K
  class space    used 3752K, committed 3968K, reserved 1048576K
}
Event: 1.591 GC heap before
{Heap before GC invocations=6 (full 0):
 garbage-first heap   total 88064K, used 62756K [0x0000000080000000, 0x0000000100000000)
  region size 1024K, 51 young (52224K), 12 survivors (12288K)
 Metaspace       used 34674K, committed 35648K, reserved 1114112K
  class space    used 4649K, committed 5120K, reserved 1048576K
}
Event: 1.594 GC heap after
{Heap after GC invocations=7 (full 0):
 garbage-first heap   total 88064K, used 26443K [0x0000000080000000, 0x0000000100000000)
  region size 1024K, 6 young (6144K), 6 survivors (6144K)
 Metaspace       used 34674K, committed 35648K, reserved 1114112K
  class space    used 4649K, committed 5120K, reserved 1048576K
}
Event: 1.616 GC heap before
{Heap before GC invocations=7 (full 0):
 garbage-first heap   total 88064K, used 29515K [0x0000000080000000, 0x0000000100000000)
  region size 1024K, 10 young (10240K), 6 survivors (6144K)
 Metaspace       used 35082K, committed 35968K, reserved 1114112K
  class space    used 4717K, committed 5184K, reserved 1048576K
}
Event: 1.617 GC heap after
{Heap after GC invocations=8 (full 0):
 garbage-first heap   total 88064K, used 26978K [0x0000000080000000, 0x0000000100000000)
  region size 1024K, 4 young (4096K), 4 survivors (4096K)
 Metaspace       used 35082K, committed 35968K, reserved 1114112K
  class space    used 4717K, committed 5184K, reserved 1048576K
}
Event: 1.895 GC heap before
{Heap before GC invocations=9 (full 0):
 garbage-first heap   total 88064K, used 74082K [0x0000000080000000, 0x0000000100000000)
  region size 1024K, 51 young (52224K), 4 survivors (4096K)
 Metaspace       used 43639K, committed 44800K, reserved 1114112K
  class space    used 5843K, committed 6400K, reserved 1048576K
}
Event: 1.897 GC heap after
{Heap after GC invocations=10 (full 0):
 garbage-first heap   total 88064K, used 30319K [0x0000000080000000, 0x0000000100000000)
  region size 1024K, 7 young (7168K), 7 survivors (7168K)
 Metaspace       used 43639K, committed 44800K, reserved 1114112K
  class space    used 5843K, committed 6400K, reserved 1048576K
}
Event: 2.054 GC heap before
{Heap before GC invocations=10 (full 0):
 garbage-first heap   total 88064K, used 74351K [0x0000000080000000, 0x0000000100000000)
  region size 1024K, 50 young (51200K), 7 survivors (7168K)
 Metaspace       used 46656K, committed 47936K, reserved 1114112K
  class space    used 6223K, committed 6848K, reserved 1048576K
}
Event: 2.057 GC heap after
{Heap after GC invocations=11 (full 0):
 garbage-first heap   total 88064K, used 33195K [0x0000000080000000, 0x0000000100000000)
  region size 1024K, 4 young (4096K), 4 survivors (4096K)
 Metaspace       used 46656K, committed 47936K, reserved 1114112K
  class space    used 6223K, committed 6848K, reserved 1048576K
}
Event: 2.288 GC heap before
{Heap before GC invocations=11 (full 0):
 garbage-first heap   total 88064K, used 77227K [0x0000000080000000, 0x0000000100000000)
  region size 1024K, 47 young (48128K), 4 survivors (4096K)
 Metaspace       used 50844K, committed 52288K, reserved 1114112K
  class space    used 6905K, committed 7616K, reserved 1048576K
}
Event: 2.289 GC heap after
{Heap after GC invocations=12 (full 0):
 garbage-first heap   total 88064K, used 35056K [0x0000000080000000, 0x0000000100000000)
  region size 1024K, 6 young (6144K), 6 survivors (6144K)
 Metaspace       used 50844K, committed 52288K, reserved 1114112K
  class space    used 6905K, committed 7616K, reserved 1048576K
}
Event: 2.549 GC heap before
{Heap before GC invocations=12 (full 0):
 garbage-first heap   total 88064K, used 77040K [0x0000000080000000, 0x0000000100000000)
  region size 1024K, 46 young (47104K), 6 survivors (6144K)
 Metaspace       used 57087K, committed 58624K, reserved 1114112K
  class space    used 7665K, committed 8448K, reserved 1048576K
}
Event: 2.551 GC heap after
{Heap after GC invocations=13 (full 0):
 garbage-first heap   total 88064K, used 36855K [0x0000000080000000, 0x0000000100000000)
  region size 1024K, 5 young (5120K), 5 survivors (5120K)
 Metaspace       used 57087K, committed 58624K, reserved 1114112K
  class space    used 7665K, committed 8448K, reserved 1048576K
}
Event: 2.623 GC heap before
{Heap before GC invocations=13 (full 0):
 garbage-first heap   total 88064K, used 47095K [0x0000000080000000, 0x0000000100000000)
  region size 1024K, 16 young (16384K), 5 survivors (5120K)
 Metaspace       used 58618K, committed 60096K, reserved 1114112K
  class space    used 7894K, committed 8640K, reserved 1048576K
}
Event: 2.624 GC heap after
{Heap after GC invocations=14 (full 0):
 garbage-first heap   total 88064K, used 37368K [0x0000000080000000, 0x0000000100000000)
  region size 1024K, 3 young (3072K), 3 survivors (3072K)
 Metaspace       used 58618K, committed 60096K, reserved 1114112K
  class space    used 7894K, committed 8640K, reserved 1048576K
}
Event: 3.119 GC heap before
{Heap before GC invocations=15 (full 0):
 garbage-first heap   total 88064K, used 78328K [0x0000000080000000, 0x0000000100000000)
  region size 1024K, 43 young (44032K), 3 survivors (3072K)
 Metaspace       used 64021K, committed 65728K, reserved 1114112K
  class space    used 8761K, committed 9600K, reserved 1048576K
}

