# JRE version: OpenJDK Runtime Environment (21.0.4) (build 21.0.4+-12508038-b607.1)
# Java VM: OpenJDK 64-Bit Server VM (21.0.4+-12508038-b607.1, mixed mode, tiered, compressed oops, compressed class ptrs, g1 gc, windows-amd64)
GC Precious Log:
 CardTable entry size: 512
 Card Set container configuration: InlinePtr #cards 5 size 8 Array Of Cards #cards 12 size 40 Howl #buckets 4 coarsen threshold 1843 Howl Bitmap #cards 512 size 80 coarsen threshold 460 Card regions per heap region 1 cards per card region 2048
 CPUs: 32 total, 32 available
 Memory: 32508M
 Large Page Support: Disabled
 NUMA Support: Disabled
 Compressed Oops: Enabled (32-bit)
 Heap Region Size: 1M
 Heap Min Capacity: 8M
 Heap Initial Capacity: 508M
 Heap Max Capacity: 2G
 Pre-touch: Disabled
 Parallel Workers: 23
 Concurrent Workers: 6
 Concurrent Refinement Workers: 23
 Periodic GC: Disabled
Heap:
 garbage-first heap   total 386048K, used 233549K [0x0000000080000000, 0x0000000100000000)
  region size 1024K, 4 young (4096K), 4 survivors (4096K)
 Metaspace       used 65148K, committed 66688K, reserved 1114112K
  class space    used 8716K, committed 9472K, reserved 1048576K
GC Heap History (20 events):
Event: 7.527 GC heap after
{Heap after GC invocations=28 (full 0):
 garbage-first heap   total 272384K, used 87271K [0x0000000080000000, 0x0000000100000000)
  region size 1024K, 10 young (10240K), 10 survivors (10240K)
 Metaspace       used 64754K, committed 66304K, reserved 1114112K
  class space    used 8717K, committed 9472K, reserved 1048576K
}
Event: 7.632 GC heap before
{Heap before GC invocations=29 (full 0):
 garbage-first heap   total 272384K, used 244967K [0x0000000080000000, 0x0000000100000000)
  region size 1024K, 159 young (162816K), 10 survivors (10240K)
 Metaspace       used 64794K, committed 66304K, reserved 1114112K
  class space    used 8721K, committed 9472K, reserved 1048576K
}
Event: 7.635 GC heap after
{Heap after GC invocations=30 (full 0):
 garbage-first heap   total 272384K, used 100499K [0x0000000080000000, 0x0000000100000000)
  region size 1024K, 16 young (16384K), 16 survivors (16384K)
 Metaspace       used 64794K, committed 66304K, reserved 1114112K
  class space    used 8721K, committed 9472K, reserved 1048576K
}
Event: 7.750 GC heap before
{Heap before GC invocations=30 (full 0):
 garbage-first heap   total 272384K, used 240787K [0x0000000080000000, 0x0000000100000000)
  region size 1024K, 153 young (156672K), 16 survivors (16384K)
 Metaspace       used 64797K, committed 66304K, reserved 1114112K
  class space    used 8721K, committed 9472K, reserved 1048576K
}
Event: 7.754 GC heap after
{Heap after GC invocations=31 (full 0):
 garbage-first heap   total 272384K, used 104679K [0x0000000080000000, 0x0000000100000000)
  region size 1024K, 16 young (16384K), 16 survivors (16384K)
 Metaspace       used 64797K, committed 66304K, reserved 1114112K
  class space    used 8721K, committed 9472K, reserved 1048576K
}
Event: 7.823 GC heap before
{Heap before GC invocations=31 (full 0):
 garbage-first heap   total 272384K, used 169191K [0x0000000080000000, 0x0000000100000000)
  region size 1024K, 80 young (81920K), 16 survivors (16384K)
 Metaspace       used 64797K, committed 66304K, reserved 1114112K
  class space    used 8721K, committed 9472K, reserved 1048576K
}
Event: 7.827 GC heap after
{Heap after GC invocations=32 (full 0):
 garbage-first heap   total 327680K, used 110214K [0x0000000080000000, 0x0000000100000000)
  region size 1024K, 19 young (19456K), 19 survivors (19456K)
 Metaspace       used 64797K, committed 66304K, reserved 1114112K
  class space    used 8721K, committed 9472K, reserved 1048576K
}
Event: 8.394 GC heap before
{Heap before GC invocations=33 (full 0):
 garbage-first heap   total 327680K, used 294534K [0x0000000080000000, 0x0000000100000000)
  region size 1024K, 192 young (196608K), 19 survivors (19456K)
 Metaspace       used 65047K, committed 66560K, reserved 1114112K
  class space    used 8714K, committed 9472K, reserved 1048576K
}
Event: 8.408 GC heap after
{Heap after GC invocations=34 (full 0):
 garbage-first heap   total 386048K, used 189325K [0x0000000080000000, 0x0000000100000000)
  region size 1024K, 24 young (24576K), 24 survivors (24576K)
 Metaspace       used 65047K, committed 66560K, reserved 1114112K
  class space    used 8714K, committed 9472K, reserved 1048576K
}
Event: 8.486 GC heap before
{Heap before GC invocations=34 (full 0):
 garbage-first heap   total 386048K, used 320397K [0x0000000080000000, 0x0000000100000000)
  region size 1024K, 152 young (155648K), 24 survivors (24576K)
 Metaspace       used 65102K, committed 66624K, reserved 1114112K
  class space    used 8714K, committed 9472K, reserved 1048576K
}
Event: 8.493 GC heap after
{Heap after GC invocations=35 (full 0):
 garbage-first heap   total 386048K, used 216064K [0x0000000080000000, 0x0000000100000000)
  region size 1024K, 19 young (19456K), 19 survivors (19456K)
 Metaspace       used 65102K, committed 66624K, reserved 1114112K
  class space    used 8714K, committed 9472K, reserved 1048576K
}
Event: 8.505 GC heap before
{Heap before GC invocations=35 (full 0):
 garbage-first heap   total 386048K, used 237568K [0x0000000080000000, 0x0000000100000000)
  region size 1024K, 42 young (43008K), 19 survivors (19456K)
 Metaspace       used 65102K, committed 66624K, reserved 1114112K
  class space    used 8714K, committed 9472K, reserved 1048576K
}
Event: 8.508 GC heap after
{Heap after GC invocations=36 (full 0):
 garbage-first heap   total 386048K, used 228040K [0x0000000080000000, 0x0000000100000000)
  region size 1024K, 9 young (9216K), 9 survivors (9216K)
 Metaspace       used 65102K, committed 66624K, reserved 1114112K
  class space    used 8714K, committed 9472K, reserved 1048576K
}
Event: 8.593 GC heap before
{Heap before GC invocations=37 (full 0):
 garbage-first heap   total 386048K, used 327368K [0x0000000080000000, 0x0000000100000000)
  region size 1024K, 105 young (107520K), 9 survivors (9216K)
 Metaspace       used 65107K, committed 66688K, reserved 1114112K
  class space    used 8714K, committed 9472K, reserved 1048576K
}
Event: 8.598 GC heap after
{Heap after GC invocations=38 (full 0):
 garbage-first heap   total 386048K, used 261510K [0x0000000080000000, 0x0000000100000000)
  region size 1024K, 14 young (14336K), 14 survivors (14336K)
 Metaspace       used 65107K, committed 66688K, reserved 1114112K
  class space    used 8714K, committed 9472K, reserved 1048576K
}
Event: 8.675 GC heap before
{Heap before GC invocations=38 (full 0):
 garbage-first heap   total 386048K, used 332166K [0x0000000080000000, 0x0000000100000000)
  region size 1024K, 83 young (84992K), 14 survivors (14336K)
 Metaspace       used 65134K, committed 66688K, reserved 1114112K
  class space    used 8715K, committed 9472K, reserved 1048576K
}
Event: 8.680 GC heap after
{Heap after GC invocations=39 (full 0):
 garbage-first heap   total 386048K, used 236065K [0x0000000080000000, 0x0000000100000000)
  region size 1024K, 2 young (2048K), 2 survivors (2048K)
 Metaspace       used 65134K, committed 66688K, reserved 1114112K
  class space    used 8715K, committed 9472K, reserved 1048576K
}
Event: 8.755 GC heap before
{Heap before GC invocations=39 (full 0):
 garbage-first heap   total 386048K, used 329249K [0x0000000080000000, 0x0000000100000000)
  region size 1024K, 93 young (95232K), 2 survivors (2048K)
 Metaspace       used 65134K, committed 66688K, reserved 1114112K
  class space    used 8715K, committed 9472K, reserved 1048576K
}
Event: 8.757 GC heap after
{Heap after GC invocations=40 (full 0):
 garbage-first heap   total 386048K, used 232370K [0x0000000080000000, 0x0000000100000000)
  region size 1024K, 2 young (2048K), 2 survivors (2048K)
 Metaspace       used 65134K, committed 66688K, reserved 1114112K
  class space    used 8715K, committed 9472K, reserved 1048576K
}
Event: 8.836 GC heap before
{Heap before GC invocations=40 (full 0):
 garbage-first heap   total 386048K, used 335794K [0x0000000080000000, 0x0000000100000000)
  region size 1024K, 103 young (105472K), 2 survivors (2048K)
 Metaspace       used 65148K, committed 66688K, reserved 1114112K
  class space    used 8716K, committed 9472K, reserved 1048576K
}

