# JRE version: OpenJDK Runtime Environment (21.0.4) (build 21.0.4+-12508038-b607.1)
# Java VM: OpenJDK 64-Bit Server VM (21.0.4+-12508038-b607.1, mixed mode, tiered, compressed oops, compressed class ptrs, g1 gc, windows-amd64)
GC Precious Log:
 CardTable entry size: 512
 Card Set container configuration: InlinePtr #cards 5 size 8 Array Of Cards #cards 12 size 40 Howl #buckets 4 coarsen threshold 1843 Howl Bitmap #cards 512 size 80 coarsen threshold 460 Card regions per heap region 1 cards per card region 2048
 CPUs: 32 total, 32 available
 Memory: 32508M
 Large Page Support: Disabled
 NUMA Support: Disabled
 Compressed Oops: Enabled (32-bit)
 Heap Region Size: 1M
 Heap Min Capacity: 8M
 Heap Initial Capacity: 508M
 Heap Max Capacity: 2G
 Pre-touch: Disabled
 Parallel Workers: 23
 Concurrent Workers: 6
 Concurrent Refinement Workers: 23
 Periodic GC: Disabled
Heap:
 garbage-first heap   total 434176K, used 158030K [0x0000000080000000, 0x0000000100000000)
  region size 1024K, 40 young (40960K), 9 survivors (9216K)
 Metaspace       used 67669K, committed 69248K, reserved 1114112K
  class space    used 8962K, committed 9728K, reserved 1048576K
GC Heap History (20 events):
Event: 8.114 GC heap before
{Heap before GC invocations=48 (full 0):
 garbage-first heap   total 434176K, used 360623K [0x0000000080000000, 0x0000000100000000)
  region size 1024K, 254 young (260096K), 16 survivors (16384K)
 Metaspace       used 67351K, committed 69056K, reserved 1114112K
  class space    used 8932K, committed 9728K, reserved 1048576K
}
Event: 8.117 GC heap after
{Heap after GC invocations=49 (full 0):
 garbage-first heap   total 434176K, used 118163K [0x0000000080000000, 0x0000000100000000)
  region size 1024K, 17 young (17408K), 17 survivors (17408K)
 Metaspace       used 67351K, committed 69056K, reserved 1114112K
  class space    used 8932K, committed 9728K, reserved 1048576K
}
Event: 8.238 GC heap before
{Heap before GC invocations=49 (full 0):
 garbage-first heap   total 434176K, used 361875K [0x0000000080000000, 0x0000000100000000)
  region size 1024K, 254 young (260096K), 17 survivors (17408K)
 Metaspace       used 67352K, committed 69056K, reserved 1114112K
  class space    used 8932K, committed 9728K, reserved 1048576K
}
Event: 8.242 GC heap after
{Heap after GC invocations=50 (full 0):
 garbage-first heap   total 434176K, used 119404K [0x0000000080000000, 0x0000000100000000)
  region size 1024K, 18 young (18432K), 18 survivors (18432K)
 Metaspace       used 67352K, committed 69056K, reserved 1114112K
  class space    used 8932K, committed 9728K, reserved 1048576K
}
Event: 8.380 GC heap before
{Heap before GC invocations=50 (full 0):
 garbage-first heap   total 434176K, used 361068K [0x0000000080000000, 0x0000000100000000)
  region size 1024K, 254 young (260096K), 18 survivors (18432K)
 Metaspace       used 67352K, committed 69056K, reserved 1114112K
  class space    used 8932K, committed 9728K, reserved 1048576K
}
Event: 8.383 GC heap after
{Heap after GC invocations=51 (full 0):
 garbage-first heap   total 434176K, used 120702K [0x0000000080000000, 0x0000000100000000)
  region size 1024K, 18 young (18432K), 18 survivors (18432K)
 Metaspace       used 67352K, committed 69056K, reserved 1114112K
  class space    used 8932K, committed 9728K, reserved 1048576K
}
Event: 8.535 GC heap before
{Heap before GC invocations=51 (full 0):
 garbage-first heap   total 434176K, used 362366K [0x0000000080000000, 0x0000000100000000)
  region size 1024K, 254 young (260096K), 18 survivors (18432K)
 Metaspace       used 67354K, committed 69056K, reserved 1114112K
  class space    used 8932K, committed 9728K, reserved 1048576K
}
Event: 8.540 GC heap after
{Heap after GC invocations=52 (full 0):
 garbage-first heap   total 434176K, used 124055K [0x0000000080000000, 0x0000000100000000)
  region size 1024K, 20 young (20480K), 20 survivors (20480K)
 Metaspace       used 67354K, committed 69056K, reserved 1114112K
  class space    used 8932K, committed 9728K, reserved 1048576K
}
Event: 8.688 GC heap before
{Heap before GC invocations=52 (full 0):
 garbage-first heap   total 434176K, used 363671K [0x0000000080000000, 0x0000000100000000)
  region size 1024K, 254 young (260096K), 20 survivors (20480K)
 Metaspace       used 67355K, committed 69056K, reserved 1114112K
  class space    used 8932K, committed 9728K, reserved 1048576K
}
Event: 8.692 GC heap after
{Heap after GC invocations=53 (full 0):
 garbage-first heap   total 434176K, used 125652K [0x0000000080000000, 0x0000000100000000)
  region size 1024K, 20 young (20480K), 20 survivors (20480K)
 Metaspace       used 67355K, committed 69056K, reserved 1114112K
  class space    used 8932K, committed 9728K, reserved 1048576K
}
Event: 8.850 GC heap before
{Heap before GC invocations=53 (full 0):
 garbage-first heap   total 434176K, used 366292K [0x0000000080000000, 0x0000000100000000)
  region size 1024K, 254 young (260096K), 20 survivors (20480K)
 Metaspace       used 67378K, committed 69056K, reserved 1114112K
  class space    used 8932K, committed 9728K, reserved 1048576K
}
Event: 8.855 GC heap after
{Heap after GC invocations=54 (full 0):
 garbage-first heap   total 434176K, used 125165K [0x0000000080000000, 0x0000000100000000)
  region size 1024K, 18 young (18432K), 18 survivors (18432K)
 Metaspace       used 67378K, committed 69056K, reserved 1114112K
  class space    used 8932K, committed 9728K, reserved 1048576K
}
Event: 9.000 GC heap before
{Heap before GC invocations=54 (full 0):
 garbage-first heap   total 434176K, used 366829K [0x0000000080000000, 0x0000000100000000)
  region size 1024K, 254 young (260096K), 18 survivors (18432K)
 Metaspace       used 67378K, committed 69056K, reserved 1114112K
  class space    used 8932K, committed 9728K, reserved 1048576K
}
Event: 9.004 GC heap after
{Heap after GC invocations=55 (full 0):
 garbage-first heap   total 434176K, used 128805K [0x0000000080000000, 0x0000000100000000)
  region size 1024K, 20 young (20480K), 20 survivors (20480K)
 Metaspace       used 67378K, committed 69056K, reserved 1114112K
  class space    used 8932K, committed 9728K, reserved 1048576K
}
Event: 9.128 GC heap before
{Heap before GC invocations=55 (full 0):
 garbage-first heap   total 434176K, used 368421K [0x0000000080000000, 0x0000000100000000)
  region size 1024K, 254 young (260096K), 20 survivors (20480K)
 Metaspace       used 67378K, committed 69056K, reserved 1114112K
  class space    used 8932K, committed 9728K, reserved 1048576K
}
Event: 9.131 GC heap after
{Heap after GC invocations=56 (full 0):
 garbage-first heap   total 434176K, used 127354K [0x0000000080000000, 0x0000000100000000)
  region size 1024K, 17 young (17408K), 17 survivors (17408K)
 Metaspace       used 67378K, committed 69056K, reserved 1114112K
  class space    used 8932K, committed 9728K, reserved 1048576K
}
Event: 9.255 GC heap before
{Heap before GC invocations=56 (full 0):
 garbage-first heap   total 434176K, used 370042K [0x0000000080000000, 0x0000000100000000)
  region size 1024K, 254 young (260096K), 17 survivors (17408K)
 Metaspace       used 67381K, committed 69056K, reserved 1114112K
  class space    used 8932K, committed 9728K, reserved 1048576K
}
Event: 9.259 GC heap after
{Heap after GC invocations=57 (full 0):
 garbage-first heap   total 434176K, used 128630K [0x0000000080000000, 0x0000000100000000)
  region size 1024K, 17 young (17408K), 17 survivors (17408K)
 Metaspace       used 67381K, committed 69056K, reserved 1114112K
  class space    used 8932K, committed 9728K, reserved 1048576K
}
Event: 9.658 GC heap before
{Heap before GC invocations=57 (full 0):
 garbage-first heap   total 434176K, used 378486K [0x0000000080000000, 0x0000000100000000)
  region size 1024K, 254 young (260096K), 17 survivors (17408K)
 Metaspace       used 67662K, committed 69248K, reserved 1114112K
  class space    used 8962K, committed 9728K, reserved 1048576K
}
Event: 9.660 GC heap after
{Heap after GC invocations=58 (full 0):
 garbage-first heap   total 434176K, used 127310K [0x0000000080000000, 0x0000000100000000)
  region size 1024K, 9 young (9216K), 9 survivors (9216K)
 Metaspace       used 67662K, committed 69248K, reserved 1114112K
  class space    used 8962K, committed 9728K, reserved 1048576K
}

